
**** Build of configuration Debug for project helloworld ****

"C:\\ti\\ccsv6\\utils\\bin\\gmake" -k all 
'Building file: ../helloworld.c'
'Invoking: ARM Compiler'
"C:/ti/ccsv6/tools/compiler/ti-cgt-arm_15.12.1.LTS/bin/armcl" -mv7M4 --code_state=16 --float_support=FPv4SPD16 -me --include_path="C:/ti/ccsv6/tools/compiler/ti-cgt-arm_15.12.1.LTS/include" --include_path="C:/ti/TivaWare_C_Series-2.1.2.111" -g --gcc --define=ccs="ccs" --define=PART_TM4C123GH6PM --diag_warning=225 --diag_wrap=off --display_error_number --abi=eabi --preproc_with_compile --preproc_dependency="helloworld.d"  "../helloworld.c"
'Finished building: ../helloworld.c'
' '
'Building file: ../lcd.c'
'Invoking: ARM Compiler'
"C:/ti/ccsv6/tools/compiler/ti-cgt-arm_15.12.1.LTS/bin/armcl" -mv7M4 --code_state=16 --float_support=FPv4SPD16 -me --include_path="C:/ti/ccsv6/tools/compiler/ti-cgt-arm_15.12.1.LTS/include" --include_path="C:/ti/TivaWare_C_Series-2.1.2.111" -g --gcc --define=ccs="ccs" --define=PART_TM4C123GH6PM --diag_warning=225 --diag_wrap=off --display_error_number --abi=eabi --preproc_with_compile --preproc_dependency="lcd.d"  "../lcd.c"
'Finished building: ../lcd.c'
' '
'Building file: ../timer.c'
'Invoking: ARM Compiler'
"C:/ti/ccsv6/tools/compiler/ti-cgt-arm_15.12.1.LTS/bin/armcl" -mv7M4 --code_state=16 --float_support=FPv4SPD16 -me --include_path="C:/ti/ccsv6/tools/compiler/ti-cgt-arm_15.12.1.LTS/include" --include_path="C:/ti/TivaWare_C_Series-2.1.2.111" -g --gcc --define=ccs="ccs" --define=PART_TM4C123GH6PM --diag_warning=225 --diag_wrap=off --display_error_number --abi=eabi --preproc_with_compile --preproc_dependency="timer.d"  "../timer.c"
'Finished building: ../timer.c'
' '
'Building file: ../tm4c123gh6pm_startup_ccs.c'
'Invoking: ARM Compiler'
"C:/ti/ccsv6/tools/compiler/ti-cgt-arm_15.12.1.LTS/bin/armcl" -mv7M4 --code_state=16 --float_support=FPv4SPD16 -me --include_path="C:/ti/ccsv6/tools/compiler/ti-cgt-arm_15.12.1.LTS/include" --include_path="C:/ti/TivaWare_C_Series-2.1.2.111" -g --gcc --define=ccs="ccs" --define=PART_TM4C123GH6PM --diag_warning=225 --diag_wrap=off --display_error_number --abi=eabi --preproc_with_compile --preproc_dependency="tm4c123gh6pm_startup_ccs.d"  "../tm4c123gh6pm_startup_ccs.c"
'Finished building: ../tm4c123gh6pm_startup_ccs.c'
' '
'Building target: helloworld.out'
'Invoking: ARM Linker'
"C:/ti/ccsv6/tools/compiler/ti-cgt-arm_15.12.1.LTS/bin/armcl" -mv7M4 --code_state=16 --float_support=FPv4SPD16 -me -g --gcc --define=ccs="ccs" --define=PART_TM4C123GH6PM --diag_warning=225 --diag_wrap=off --display_error_number --abi=eabi -z -m"helloworld.map" --stack_size=2048 --heap_size=1024 -i"C:/ti/ccsv6/tools/compiler/ti-cgt-arm_15.12.1.LTS/lib" -i"C:/ti/ccsv6/tools/compiler/ti-cgt-arm_15.12.1.LTS/include" --reread_libs --warn_sections --diag_wrap=off --display_error_number --xml_link_info="helloworld_linkInfo.xml" --rom_model -o "helloworld.out" "./helloworld.obj" "./lcd.obj" "./timer.obj" "./tm4c123gh6pm_startup_ccs.obj" "../tm4c123gh6pm.cmd"  -llibc.a -l"C:/ti/TivaWare_C_Series-2.1.2.111/driverlib/ccs/Debug/driverlib.lib" 
<Linking>
'Finished building target: helloworld.out'
' '

**** Build Finished ****

**** Build of configuration Debug for project helloworld ****

"C:\\ti\\ccsv6\\utils\\bin\\gmake" -k all 
gmake: Nothing to be done for 'all'.

**** Build Finished ****

**** Build of configuration Debug for project helloworld ****

"C:\\ti\\ccsv6\\utils\\bin\\gmake" -k all 
gmake: Nothing to be done for 'all'.

**** Build Finished ****

**** Build of configuration Debug for project helloworld ****

"C:\\ti\\ccsv6\\utils\\bin\\gmake" -k all 
'Building file: ../helloworld.c'
'Invoking: ARM Compiler'
"C:/ti/ccsv6/tools/compiler/ti-cgt-arm_15.12.1.LTS/bin/armcl" -mv7M4 --code_state=16 --float_support=FPv4SPD16 -me --include_path="C:/ti/ccsv6/tools/compiler/ti-cgt-arm_15.12.1.LTS/include" --include_path="C:/ti/TivaWare_C_Series-2.1.2.111" -g --gcc --define=ccs="ccs" --define=PART_TM4C123GH6PM --diag_warning=225 --diag_wrap=off --display_error_number --abi=eabi --preproc_with_compile --preproc_dependency="helloworld.d"  "../helloworld.c"
'Finished building: ../helloworld.c'
' '
'Building target: helloworld.out'
'Invoking: ARM Linker'
"C:/ti/ccsv6/tools/compiler/ti-cgt-arm_15.12.1.LTS/bin/armcl" -mv7M4 --code_state=16 --float_support=FPv4SPD16 -me -g --gcc --define=ccs="ccs" --define=PART_TM4C123GH6PM --diag_warning=225 --diag_wrap=off --display_error_number --abi=eabi -z -m"helloworld.map" --stack_size=2048 --heap_size=1024 -i"C:/ti/ccsv6/tools/compiler/ti-cgt-arm_15.12.1.LTS/lib" -i"C:/ti/ccsv6/tools/compiler/ti-cgt-arm_15.12.1.LTS/include" --reread_libs --warn_sections --diag_wrap=off --display_error_number --xml_link_info="helloworld_linkInfo.xml" --rom_model -o "helloworld.out" "./helloworld.obj" "./lcd.obj" "./timer.obj" "./tm4c123gh6pm_startup_ccs.obj" "../tm4c123gh6pm.cmd"  -llibc.a -l"C:/ti/TivaWare_C_Series-2.1.2.111/driverlib/ccs/Debug/driverlib.lib" 
<Linking>
'Finished building target: helloworld.out'
' '

**** Build Finished ****

**** Build of configuration Debug for project helloworld ****

"C:\\ti\\ccsv6\\utils\\bin\\gmake" -k all 
gmake: Nothing to be done for 'all'.

**** Build Finished ****

**** Build of configuration Debug for project helloworld ****

"C:\\ti\\ccsv6\\utils\\bin\\gmake" -k all 
gmake: Nothing to be done for 'all'.

**** Build Finished ****

**** Build of configuration Debug for project helloworld ****

"C:\\ti\\ccsv6\\utils\\bin\\gmake" -k all 
'Building file: ../helloworld.c'
'Invoking: ARM Compiler'
"C:/ti/ccsv6/tools/compiler/ti-cgt-arm_15.12.1.LTS/bin/armcl" -mv7M4 --code_state=16 --float_support=FPv4SPD16 -me --include_path="C:/ti/ccsv6/tools/compiler/ti-cgt-arm_15.12.1.LTS/include" --include_path="C:/ti/TivaWare_C_Series-2.1.2.111" -g --gcc --define=ccs="ccs" --define=PART_TM4C123GH6PM --diag_warning=225 --diag_wrap=off --display_error_number --abi=eabi --preproc_with_compile --preproc_dependency="helloworld.d"  "../helloworld.c"
'Finished building: ../helloworld.c'
' '
'Building target: helloworld.out'
'Invoking: ARM Linker'
"C:/ti/ccsv6/tools/compiler/ti-cgt-arm_15.12.1.LTS/bin/armcl" -mv7M4 --code_state=16 --float_support=FPv4SPD16 -me -g --gcc --define=ccs="ccs" --define=PART_TM4C123GH6PM --diag_warning=225 --diag_wrap=off --display_error_number --abi=eabi -z -m"helloworld.map" --stack_size=2048 --heap_size=1024 -i"C:/ti/ccsv6/tools/compiler/ti-cgt-arm_15.12.1.LTS/lib" -i"C:/ti/ccsv6/tools/compiler/ti-cgt-arm_15.12.1.LTS/include" --reread_libs --warn_sections --diag_wrap=off --display_error_number --xml_link_info="helloworld_linkInfo.xml" --rom_model -o "helloworld.out" "./helloworld.obj" "./lcd.obj" "./timer.obj" "./tm4c123gh6pm_startup_ccs.obj" "../tm4c123gh6pm.cmd"  -llibc.a -l"C:/ti/TivaWare_C_Series-2.1.2.111/driverlib/ccs/Debug/driverlib.lib" 
<Linking>
'Finished building target: helloworld.out'
' '

**** Build Finished ****

**** Build of configuration Debug for project helloworld ****

"C:\\ti\\ccsv6\\utils\\bin\\gmake" -k all 
'Building file: ../helloworld.c'
'Invoking: ARM Compiler'
"C:/ti/ccsv6/tools/compiler/ti-cgt-arm_15.12.1.LTS/bin/armcl" -mv7M4 --code_state=16 --float_support=FPv4SPD16 -me --include_path="C:/ti/ccsv6/tools/compiler/ti-cgt-arm_15.12.1.LTS/include" --include_path="C:/ti/TivaWare_C_Series-2.1.2.111" -g --gcc --define=ccs="ccs" --define=PART_TM4C123GH6PM --diag_warning=225 --diag_wrap=off --display_error_number --abi=eabi --preproc_with_compile --preproc_dependency="helloworld.d"  "../helloworld.c"

>> Compilation failure
subdir_rules.mk:7: recipe for target 'helloworld.obj' failed
"../helloworld.c", line 15: error #66: expected a ";"
"../helloworld.c", line 13: warning #179-D: variable "arr" was declared but never referenced
1 error detected in the compilation of "../helloworld.c".
gmake: *** [helloworld.obj] Error 1
gmake: Target 'all' not remade because of errors.

**** Build Finished ****

**** Build of configuration Debug for project helloworld ****

"C:\\ti\\ccsv6\\utils\\bin\\gmake" -k all 
'Building file: ../helloworld.c'
'Invoking: ARM Compiler'
"C:/ti/ccsv6/tools/compiler/ti-cgt-arm_15.12.1.LTS/bin/armcl" -mv7M4 --code_state=16 --float_support=FPv4SPD16 -me --include_path="C:/ti/ccsv6/tools/compiler/ti-cgt-arm_15.12.1.LTS/include" --include_path="C:/ti/TivaWare_C_Series-2.1.2.111" -g --gcc --define=ccs="ccs" --define=PART_TM4C123GH6PM --diag_warning=225 --diag_wrap=off --display_error_number --abi=eabi --preproc_with_compile --preproc_dependency="helloworld.d"  "../helloworld.c"

>> Compilation failure
subdir_rules.mk:7: recipe for target 'helloworld.obj' failed
"../helloworld.c", line 15: error #29: expected an expression
1 error detected in the compilation of "../helloworld.c".
gmake: *** [helloworld.obj] Error 1
gmake: Target 'all' not remade because of errors.

**** Build Finished ****

**** Build of configuration Debug for project helloworld ****

"C:\\ti\\ccsv6\\utils\\bin\\gmake" -k all 
'Building file: ../helloworld.c'
'Invoking: ARM Compiler'
"C:/ti/ccsv6/tools/compiler/ti-cgt-arm_15.12.1.LTS/bin/armcl" -mv7M4 --code_state=16 --float_support=FPv4SPD16 -me --include_path="C:/ti/ccsv6/tools/compiler/ti-cgt-arm_15.12.1.LTS/include" --include_path="C:/ti/TivaWare_C_Series-2.1.2.111" -g --gcc --define=ccs="ccs" --define=PART_TM4C123GH6PM --diag_warning=225 --diag_wrap=off --display_error_number --abi=eabi --preproc_with_compile --preproc_dependency="helloworld.d"  "../helloworld.c"
"../helloworld.c", line 13: warning #179-D: variable "arr" was declared but never referenced
'Finished building: ../helloworld.c'
' '
'Building target: helloworld.out'
'Invoking: ARM Linker'
"C:/ti/ccsv6/tools/compiler/ti-cgt-arm_15.12.1.LTS/bin/armcl" -mv7M4 --code_state=16 --float_support=FPv4SPD16 -me -g --gcc --define=ccs="ccs" --define=PART_TM4C123GH6PM --diag_warning=225 --diag_wrap=off --display_error_number --abi=eabi -z -m"helloworld.map" --stack_size=2048 --heap_size=1024 -i"C:/ti/ccsv6/tools/compiler/ti-cgt-arm_15.12.1.LTS/lib" -i"C:/ti/ccsv6/tools/compiler/ti-cgt-arm_15.12.1.LTS/include" --reread_libs --warn_sections --diag_wrap=off --display_error_number --xml_link_info="helloworld_linkInfo.xml" --rom_model -o "helloworld.out" "./helloworld.obj" "./lcd.obj" "./timer.obj" "./tm4c123gh6pm_startup_ccs.obj" "../tm4c123gh6pm.cmd"  -llibc.a -l"C:/ti/TivaWare_C_Series-2.1.2.111/driverlib/ccs/Debug/driverlib.lib" 
<Linking>
'Finished building target: helloworld.out'
' '

**** Build Finished ****

**** Build of configuration Debug for project helloworld ****

"C:\\ti\\ccsv6\\utils\\bin\\gmake" -k all 
'Building file: ../helloworld.c'
'Invoking: ARM Compiler'
"C:/ti/ccsv6/tools/compiler/ti-cgt-arm_15.12.1.LTS/bin/armcl" -mv7M4 --code_state=16 --float_support=FPv4SPD16 -me --include_path="C:/ti/ccsv6/tools/compiler/ti-cgt-arm_15.12.1.LTS/include" --include_path="C:/ti/TivaWare_C_Series-2.1.2.111" -g --gcc --define=ccs="ccs" --define=PART_TM4C123GH6PM --diag_warning=225 --diag_wrap=off --display_error_number --abi=eabi --preproc_with_compile --preproc_dependency="helloworld.d"  "../helloworld.c"
'Finished building: ../helloworld.c'
' '
'Building target: helloworld.out'
'Invoking: ARM Linker'
"C:/ti/ccsv6/tools/compiler/ti-cgt-arm_15.12.1.LTS/bin/armcl" -mv7M4 --code_state=16 --float_support=FPv4SPD16 -me -g --gcc --define=ccs="ccs" --define=PART_TM4C123GH6PM --diag_warning=225 --diag_wrap=off --display_error_number --abi=eabi -z -m"helloworld.map" --stack_size=2048 --heap_size=1024 -i"C:/ti/ccsv6/tools/compiler/ti-cgt-arm_15.12.1.LTS/lib" -i"C:/ti/ccsv6/tools/compiler/ti-cgt-arm_15.12.1.LTS/include" --reread_libs --warn_sections --diag_wrap=off --display_error_number --xml_link_info="helloworld_linkInfo.xml" --rom_model -o "helloworld.out" "./helloworld.obj" "./lcd.obj" "./timer.obj" "./tm4c123gh6pm_startup_ccs.obj" "../tm4c123gh6pm.cmd"  -llibc.a -l"C:/ti/TivaWare_C_Series-2.1.2.111/driverlib/ccs/Debug/driverlib.lib" 
<Linking>
'Finished building target: helloworld.out'
' '

**** Build Finished ****

**** Build of configuration Debug for project helloworld ****

"C:\\ti\\ccsv6\\utils\\bin\\gmake" -k all 
'Building file: ../helloworld.c'
'Invoking: ARM Compiler'
"C:/ti/ccsv6/tools/compiler/ti-cgt-arm_15.12.1.LTS/bin/armcl" -mv7M4 --code_state=16 --float_support=FPv4SPD16 -me --include_path="C:/ti/ccsv6/tools/compiler/ti-cgt-arm_15.12.1.LTS/include" --include_path="C:/ti/TivaWare_C_Series-2.1.2.111" -g --gcc --define=ccs="ccs" --define=PART_TM4C123GH6PM --diag_warning=225 --diag_wrap=off --display_error_number --abi=eabi --preproc_with_compile --preproc_dependency="helloworld.d"  "../helloworld.c"

>> Compilation failure
subdir_rules.mk:7: recipe for target 'helloworld.obj' failed
"../helloworld.c", line 15: error #29: expected an expression
"../helloworld.c", line 15: error #20: identifier "i" is undefined
2 errors detected in the compilation of "../helloworld.c".
gmake: *** [helloworld.obj] Error 1
gmake: Target 'all' not remade because of errors.

**** Build Finished ****

**** Build of configuration Debug for project helloworld ****

"C:\\ti\\ccsv6\\utils\\bin\\gmake" -k all 
'Building file: ../helloworld.c'
'Invoking: ARM Compiler'
"C:/ti/ccsv6/tools/compiler/ti-cgt-arm_15.12.1.LTS/bin/armcl" -mv7M4 --code_state=16 --float_support=FPv4SPD16 -me --include_path="C:/ti/ccsv6/tools/compiler/ti-cgt-arm_15.12.1.LTS/include" --include_path="C:/ti/TivaWare_C_Series-2.1.2.111" -g --gcc --define=ccs="ccs" --define=PART_TM4C123GH6PM --diag_warning=225 --diag_wrap=off --display_error_number --abi=eabi --preproc_with_compile --preproc_dependency="helloworld.d"  "../helloworld.c"
'Finished building: ../helloworld.c'
' '
'Building target: helloworld.out'
'Invoking: ARM Linker'
"C:/ti/ccsv6/tools/compiler/ti-cgt-arm_15.12.1.LTS/bin/armcl" -mv7M4 --code_state=16 --float_support=FPv4SPD16 -me -g --gcc --define=ccs="ccs" --define=PART_TM4C123GH6PM --diag_warning=225 --diag_wrap=off --display_error_number --abi=eabi -z -m"helloworld.map" --stack_size=2048 --heap_size=1024 -i"C:/ti/ccsv6/tools/compiler/ti-cgt-arm_15.12.1.LTS/lib" -i"C:/ti/ccsv6/tools/compiler/ti-cgt-arm_15.12.1.LTS/include" --reread_libs --warn_sections --diag_wrap=off --display_error_number --xml_link_info="helloworld_linkInfo.xml" --rom_model -o "helloworld.out" "./helloworld.obj" "./lcd.obj" "./timer.obj" "./tm4c123gh6pm_startup_ccs.obj" "../tm4c123gh6pm.cmd"  -llibc.a -l"C:/ti/TivaWare_C_Series-2.1.2.111/driverlib/ccs/Debug/driverlib.lib" 
<Linking>
'Finished building target: helloworld.out'
' '

**** Build Finished ****

**** Build of configuration Debug for project helloworld ****

"C:\\ti\\ccsv6\\utils\\bin\\gmake" -k all 
'Building file: ../helloworld.c'
'Invoking: ARM Compiler'
"C:/ti/ccsv6/tools/compiler/ti-cgt-arm_15.12.1.LTS/bin/armcl" -mv7M4 --code_state=16 --float_support=FPv4SPD16 -me --include_path="C:/ti/ccsv6/tools/compiler/ti-cgt-arm_15.12.1.LTS/include" --include_path="C:/ti/TivaWare_C_Series-2.1.2.111" -g --gcc --define=ccs="ccs" --define=PART_TM4C123GH6PM --diag_warning=225 --diag_wrap=off --display_error_number --abi=eabi --preproc_with_compile --preproc_dependency="helloworld.d"  "../helloworld.c"

>> Compilation failure
subdir_rules.mk:7: recipe for target 'helloworld.obj' failed
"../helloworld.c", line 17: error #20: identifier "unit32_t" is undefined
"../helloworld.c", line 17: error #18: expected a ")"
2 errors detected in the compilation of "../helloworld.c".
gmake: *** [helloworld.obj] Error 1
gmake: Target 'all' not remade because of errors.

**** Build Finished ****

**** Build of configuration Debug for project helloworld ****

"C:\\ti\\ccsv6\\utils\\bin\\gmake" -k all 
'Building file: ../helloworld.c'
'Invoking: ARM Compiler'
"C:/ti/ccsv6/tools/compiler/ti-cgt-arm_15.12.1.LTS/bin/armcl" -mv7M4 --code_state=16 --float_support=FPv4SPD16 -me --include_path="C:/ti/ccsv6/tools/compiler/ti-cgt-arm_15.12.1.LTS/include" --include_path="C:/ti/TivaWare_C_Series-2.1.2.111" -g --gcc --define=ccs="ccs" --define=PART_TM4C123GH6PM --diag_warning=225 --diag_wrap=off --display_error_number --abi=eabi --preproc_with_compile --preproc_dependency="helloworld.d"  "../helloworld.c"

>> Compilation failure
subdir_rules.mk:7: recipe for target 'helloworld.obj' failed
"../helloworld.c", line 2: warning #14-D: extra text after expected end of preprocessing directive
"../helloworld.c", line 18: error #20: identifier "unit32_t" is undefined
"../helloworld.c", line 18: error #18: expected a ")"
2 errors detected in the compilation of "../helloworld.c".
gmake: *** [helloworld.obj] Error 1
gmake: Target 'all' not remade because of errors.

**** Build Finished ****

**** Build of configuration Debug for project helloworld ****

"C:\\ti\\ccsv6\\utils\\bin\\gmake" -k all 
'Building file: ../helloworld.c'
'Invoking: ARM Compiler'
"C:/ti/ccsv6/tools/compiler/ti-cgt-arm_15.12.1.LTS/bin/armcl" -mv7M4 --code_state=16 --float_support=FPv4SPD16 -me --include_path="C:/ti/ccsv6/tools/compiler/ti-cgt-arm_15.12.1.LTS/include" --include_path="C:/ti/TivaWare_C_Series-2.1.2.111" -g --gcc --define=ccs="ccs" --define=PART_TM4C123GH6PM --diag_warning=225 --diag_wrap=off --display_error_number --abi=eabi --preproc_with_compile --preproc_dependency="helloworld.d"  "../helloworld.c"
"../helloworld.c", line 2: warning #14-D: extra text after expected end of preprocessing directive
'Finished building: ../helloworld.c'
' '
'Building target: helloworld.out'
'Invoking: ARM Linker'
"C:/ti/ccsv6/tools/compiler/ti-cgt-arm_15.12.1.LTS/bin/armcl" -mv7M4 --code_state=16 --float_support=FPv4SPD16 -me -g --gcc --define=ccs="ccs" --define=PART_TM4C123GH6PM --diag_warning=225 --diag_wrap=off --display_error_number --abi=eabi -z -m"helloworld.map" --stack_size=2048 --heap_size=1024 -i"C:/ti/ccsv6/tools/compiler/ti-cgt-arm_15.12.1.LTS/lib" -i"C:/ti/ccsv6/tools/compiler/ti-cgt-arm_15.12.1.LTS/include" --reread_libs --warn_sections --diag_wrap=off --display_error_number --xml_link_info="helloworld_linkInfo.xml" --rom_model -o "helloworld.out" "./helloworld.obj" "./lcd.obj" "./timer.obj" "./tm4c123gh6pm_startup_ccs.obj" "../tm4c123gh6pm.cmd"  -llibc.a -l"C:/ti/TivaWare_C_Series-2.1.2.111/driverlib/ccs/Debug/driverlib.lib" 
<Linking>
'Finished building target: helloworld.out'
' '

**** Build Finished ****

**** Build of configuration Debug for project helloworld ****

"C:\\ti\\ccsv6\\utils\\bin\\gmake" -k all 
'Building file: ../helloworld.c'
'Invoking: ARM Compiler'
"C:/ti/ccsv6/tools/compiler/ti-cgt-arm_15.12.1.LTS/bin/armcl" -mv7M4 --code_state=16 --float_support=FPv4SPD16 -me --include_path="C:/ti/ccsv6/tools/compiler/ti-cgt-arm_15.12.1.LTS/include" --include_path="C:/ti/TivaWare_C_Series-2.1.2.111" -g --gcc --define=ccs="ccs" --define=PART_TM4C123GH6PM --diag_warning=225 --diag_wrap=off --display_error_number --abi=eabi --preproc_with_compile --preproc_dependency="helloworld.d"  "../helloworld.c"

>> Compilation failure
subdir_rules.mk:7: recipe for target 'helloworld.obj' failed
"../helloworld.c", line 2: warning #14-D: extra text after expected end of preprocessing directive
"../helloworld.c", line 18: error #141: too many arguments in function call
1 error detected in the compilation of "../helloworld.c".
gmake: *** [helloworld.obj] Error 1
gmake: Target 'all' not remade because of errors.

**** Build Finished ****

**** Build of configuration Debug for project helloworld ****

"C:\\ti\\ccsv6\\utils\\bin\\gmake" -k all 
'Building file: ../helloworld.c'
'Invoking: ARM Compiler'
"C:/ti/ccsv6/tools/compiler/ti-cgt-arm_15.12.1.LTS/bin/armcl" -mv7M4 --code_state=16 --float_support=FPv4SPD16 -me --include_path="C:/ti/ccsv6/tools/compiler/ti-cgt-arm_15.12.1.LTS/include" --include_path="C:/ti/TivaWare_C_Series-2.1.2.111" -g --gcc --define=ccs="ccs" --define=PART_TM4C123GH6PM --diag_warning=225 --diag_wrap=off --display_error_number --abi=eabi --preproc_with_compile --preproc_dependency="helloworld.d"  "../helloworld.c"
"../helloworld.c", line 2: warning #14-D: extra text after expected end of preprocessing directive
'Finished building: ../helloworld.c'
' '
'Building target: helloworld.out'
'Invoking: ARM Linker'
"C:/ti/ccsv6/tools/compiler/ti-cgt-arm_15.12.1.LTS/bin/armcl" -mv7M4 --code_state=16 --float_support=FPv4SPD16 -me -g --gcc --define=ccs="ccs" --define=PART_TM4C123GH6PM --diag_warning=225 --diag_wrap=off --display_error_number --abi=eabi -z -m"helloworld.map" --stack_size=2048 --heap_size=1024 -i"C:/ti/ccsv6/tools/compiler/ti-cgt-arm_15.12.1.LTS/lib" -i"C:/ti/ccsv6/tools/compiler/ti-cgt-arm_15.12.1.LTS/include" --reread_libs --warn_sections --diag_wrap=off --display_error_number --xml_link_info="helloworld_linkInfo.xml" --rom_model -o "helloworld.out" "./helloworld.obj" "./lcd.obj" "./timer.obj" "./tm4c123gh6pm_startup_ccs.obj" "../tm4c123gh6pm.cmd"  -llibc.a -l"C:/ti/TivaWare_C_Series-2.1.2.111/driverlib/ccs/Debug/driverlib.lib" 
<Linking>
'Finished building target: helloworld.out'
' '

**** Build Finished ****

**** Build of configuration Debug for project helloworld ****

"C:\\ti\\ccsv6\\utils\\bin\\gmake" -k all 
'Building file: ../helloworld.c'
'Invoking: ARM Compiler'
"C:/ti/ccsv6/tools/compiler/ti-cgt-arm_15.12.1.LTS/bin/armcl" -mv7M4 --code_state=16 --float_support=FPv4SPD16 -me --include_path="C:/ti/ccsv6/tools/compiler/ti-cgt-arm_15.12.1.LTS/include" --include_path="C:/ti/TivaWare_C_Series-2.1.2.111" -g --gcc --define=ccs="ccs" --define=PART_TM4C123GH6PM --diag_warning=225 --diag_wrap=off --display_error_number --abi=eabi --preproc_with_compile --preproc_dependency="helloworld.d"  "../helloworld.c"
"../helloworld.c", line 2: warning #14-D: extra text after expected end of preprocessing directive
'Finished building: ../helloworld.c'
' '
'Building target: helloworld.out'
'Invoking: ARM Linker'
"C:/ti/ccsv6/tools/compiler/ti-cgt-arm_15.12.1.LTS/bin/armcl" -mv7M4 --code_state=16 --float_support=FPv4SPD16 -me -g --gcc --define=ccs="ccs" --define=PART_TM4C123GH6PM --diag_warning=225 --diag_wrap=off --display_error_number --abi=eabi -z -m"helloworld.map" --stack_size=2048 --heap_size=1024 -i"C:/ti/ccsv6/tools/compiler/ti-cgt-arm_15.12.1.LTS/lib" -i"C:/ti/ccsv6/tools/compiler/ti-cgt-arm_15.12.1.LTS/include" --reread_libs --warn_sections --diag_wrap=off --display_error_number --xml_link_info="helloworld_linkInfo.xml" --rom_model -o "helloworld.out" "./helloworld.obj" "./lcd.obj" "./timer.obj" "./tm4c123gh6pm_startup_ccs.obj" "../tm4c123gh6pm.cmd"  -llibc.a -l"C:/ti/TivaWare_C_Series-2.1.2.111/driverlib/ccs/Debug/driverlib.lib" 
<Linking>
'Finished building target: helloworld.out'
' '

**** Build Finished ****

**** Build of configuration Debug for project helloworld ****

"C:\\ti\\ccsv6\\utils\\bin\\gmake" -k all 
'Building file: ../helloworld.c'
'Invoking: ARM Compiler'
"C:/ti/ccsv6/tools/compiler/ti-cgt-arm_15.12.1.LTS/bin/armcl" -mv7M4 --code_state=16 --float_support=FPv4SPD16 -me --include_path="C:/ti/ccsv6/tools/compiler/ti-cgt-arm_15.12.1.LTS/include" --include_path="C:/ti/TivaWare_C_Series-2.1.2.111" -g --gcc --define=ccs="ccs" --define=PART_TM4C123GH6PM --diag_warning=225 --diag_wrap=off --display_error_number --abi=eabi --preproc_with_compile --preproc_dependency="helloworld.d"  "../helloworld.c"
"../helloworld.c", line 2: warning #14-D: extra text after expected end of preprocessing directive
'Finished building: ../helloworld.c'
' '
'Building target: helloworld.out'
'Invoking: ARM Linker'
"C:/ti/ccsv6/tools/compiler/ti-cgt-arm_15.12.1.LTS/bin/armcl" -mv7M4 --code_state=16 --float_support=FPv4SPD16 -me -g --gcc --define=ccs="ccs" --define=PART_TM4C123GH6PM --diag_warning=225 --diag_wrap=off --display_error_number --abi=eabi -z -m"helloworld.map" --stack_size=2048 --heap_size=1024 -i"C:/ti/ccsv6/tools/compiler/ti-cgt-arm_15.12.1.LTS/lib" -i"C:/ti/ccsv6/tools/compiler/ti-cgt-arm_15.12.1.LTS/include" --reread_libs --warn_sections --diag_wrap=off --display_error_number --xml_link_info="helloworld_linkInfo.xml" --rom_model -o "helloworld.out" "./helloworld.obj" "./lcd.obj" "./timer.obj" "./tm4c123gh6pm_startup_ccs.obj" "../tm4c123gh6pm.cmd"  -llibc.a -l"C:/ti/TivaWare_C_Series-2.1.2.111/driverlib/ccs/Debug/driverlib.lib" 
<Linking>
'Finished building target: helloworld.out'
' '

**** Build Finished ****

**** Build of configuration Debug for project helloworld ****

"C:\\ti\\ccsv6\\utils\\bin\\gmake" -k all 
'Building file: ../helloworld.c'
'Invoking: ARM Compiler'
"C:/ti/ccsv6/tools/compiler/ti-cgt-arm_15.12.1.LTS/bin/armcl" -mv7M4 --code_state=16 --float_support=FPv4SPD16 -me --include_path="C:/ti/ccsv6/tools/compiler/ti-cgt-arm_15.12.1.LTS/include" --include_path="C:/ti/TivaWare_C_Series-2.1.2.111" -g --gcc --define=ccs="ccs" --define=PART_TM4C123GH6PM --diag_warning=225 --diag_wrap=off --display_error_number --abi=eabi --preproc_with_compile --preproc_dependency="helloworld.d"  "../helloworld.c"
"../helloworld.c", line 2: warning #14-D: extra text after expected end of preprocessing directive
'Finished building: ../helloworld.c'
' '
'Building target: helloworld.out'
'Invoking: ARM Linker'
"C:/ti/ccsv6/tools/compiler/ti-cgt-arm_15.12.1.LTS/bin/armcl" -mv7M4 --code_state=16 --float_support=FPv4SPD16 -me -g --gcc --define=ccs="ccs" --define=PART_TM4C123GH6PM --diag_warning=225 --diag_wrap=off --display_error_number --abi=eabi -z -m"helloworld.map" --stack_size=2048 --heap_size=1024 -i"C:/ti/ccsv6/tools/compiler/ti-cgt-arm_15.12.1.LTS/lib" -i"C:/ti/ccsv6/tools/compiler/ti-cgt-arm_15.12.1.LTS/include" --reread_libs --warn_sections --diag_wrap=off --display_error_number --xml_link_info="helloworld_linkInfo.xml" --rom_model -o "helloworld.out" "./helloworld.obj" "./lcd.obj" "./timer.obj" "./tm4c123gh6pm_startup_ccs.obj" "../tm4c123gh6pm.cmd"  -llibc.a -l"C:/ti/TivaWare_C_Series-2.1.2.111/driverlib/ccs/Debug/driverlib.lib" 
<Linking>
'Finished building target: helloworld.out'
' '

**** Build Finished ****

**** Build of configuration Debug for project helloworld ****

"C:\\ti\\ccsv6\\utils\\bin\\gmake" -k all 
'Building file: ../helloworld.c'
'Invoking: ARM Compiler'
"C:/ti/ccsv6/tools/compiler/ti-cgt-arm_15.12.1.LTS/bin/armcl" -mv7M4 --code_state=16 --float_support=FPv4SPD16 -me --include_path="C:/ti/ccsv6/tools/compiler/ti-cgt-arm_15.12.1.LTS/include" --include_path="C:/ti/TivaWare_C_Series-2.1.2.111" -g --gcc --define=ccs="ccs" --define=PART_TM4C123GH6PM --diag_warning=225 --diag_wrap=off --display_error_number --abi=eabi --preproc_with_compile --preproc_dependency="helloworld.d"  "../helloworld.c"
"../helloworld.c", line 2: warning #14-D: extra text after expected end of preprocessing directive
'Finished building: ../helloworld.c'
' '
'Building target: helloworld.out'
'Invoking: ARM Linker'
"C:/ti/ccsv6/tools/compiler/ti-cgt-arm_15.12.1.LTS/bin/armcl" -mv7M4 --code_state=16 --float_support=FPv4SPD16 -me -g --gcc --define=ccs="ccs" --define=PART_TM4C123GH6PM --diag_warning=225 --diag_wrap=off --display_error_number --abi=eabi -z -m"helloworld.map" --stack_size=2048 --heap_size=1024 -i"C:/ti/ccsv6/tools/compiler/ti-cgt-arm_15.12.1.LTS/lib" -i"C:/ti/ccsv6/tools/compiler/ti-cgt-arm_15.12.1.LTS/include" --reread_libs --warn_sections --diag_wrap=off --display_error_number --xml_link_info="helloworld_linkInfo.xml" --rom_model -o "helloworld.out" "./helloworld.obj" "./lcd.obj" "./timer.obj" "./tm4c123gh6pm_startup_ccs.obj" "../tm4c123gh6pm.cmd"  -llibc.a -l"C:/ti/TivaWare_C_Series-2.1.2.111/driverlib/ccs/Debug/driverlib.lib" 
<Linking>
'Finished building target: helloworld.out'
' '

**** Build Finished ****

**** Build of configuration Debug for project helloworld ****

"C:\\ti\\ccsv6\\utils\\bin\\gmake" -k all 
'Building file: ../helloworld.c'
'Invoking: ARM Compiler'
"C:/ti/ccsv6/tools/compiler/ti-cgt-arm_15.12.1.LTS/bin/armcl" -mv7M4 --code_state=16 --float_support=FPv4SPD16 -me --include_path="C:/ti/ccsv6/tools/compiler/ti-cgt-arm_15.12.1.LTS/include" --include_path="C:/ti/TivaWare_C_Series-2.1.2.111" -g --gcc --define=ccs="ccs" --define=PART_TM4C123GH6PM --diag_warning=225 --diag_wrap=off --display_error_number --abi=eabi --preproc_with_compile --preproc_dependency="helloworld.d"  "../helloworld.c"
"../helloworld.c", line 2: warning #14-D: extra text after expected end of preprocessing directive
"../helloworld.c", line 14: warning #179-D: variable "millis" was declared but never referenced
'Finished building: ../helloworld.c'
' '
'Building target: helloworld.out'
'Invoking: ARM Linker'
"C:/ti/ccsv6/tools/compiler/ti-cgt-arm_15.12.1.LTS/bin/armcl" -mv7M4 --code_state=16 --float_support=FPv4SPD16 -me -g --gcc --define=ccs="ccs" --define=PART_TM4C123GH6PM --diag_warning=225 --diag_wrap=off --display_error_number --abi=eabi -z -m"helloworld.map" --stack_size=2048 --heap_size=1024 -i"C:/ti/ccsv6/tools/compiler/ti-cgt-arm_15.12.1.LTS/lib" -i"C:/ti/ccsv6/tools/compiler/ti-cgt-arm_15.12.1.LTS/include" --reread_libs --warn_sections --diag_wrap=off --display_error_number --xml_link_info="helloworld_linkInfo.xml" --rom_model -o "helloworld.out" "./helloworld.obj" "./lcd.obj" "./timer.obj" "./tm4c123gh6pm_startup_ccs.obj" "../tm4c123gh6pm.cmd"  -llibc.a -l"C:/ti/TivaWare_C_Series-2.1.2.111/driverlib/ccs/Debug/driverlib.lib" 
<Linking>
'Finished building target: helloworld.out'
' '

**** Build Finished ****

**** Build of configuration Debug for project helloworld ****

"C:\\ti\\ccsv6\\utils\\bin\\gmake" -k all 
'Building file: ../helloworld.c'
'Invoking: ARM Compiler'
"C:/ti/ccsv6/tools/compiler/ti-cgt-arm_15.12.1.LTS/bin/armcl" -mv7M4 --code_state=16 --float_support=FPv4SPD16 -me --include_path="C:/ti/ccsv6/tools/compiler/ti-cgt-arm_15.12.1.LTS/include" --include_path="C:/ti/TivaWare_C_Series-2.1.2.111" -g --gcc --define=ccs="ccs" --define=PART_TM4C123GH6PM --diag_warning=225 --diag_wrap=off --display_error_number --abi=eabi --preproc_with_compile --preproc_dependency="helloworld.d"  "../helloworld.c"
"../helloworld.c", line 2: warning #14-D: extra text after expected end of preprocessing directive
"../helloworld.c", line 14: warning #179-D: variable "millis" was declared but never referenced
'Finished building: ../helloworld.c'
' '
'Building target: helloworld.out'
'Invoking: ARM Linker'
"C:/ti/ccsv6/tools/compiler/ti-cgt-arm_15.12.1.LTS/bin/armcl" -mv7M4 --code_state=16 --float_support=FPv4SPD16 -me -g --gcc --define=ccs="ccs" --define=PART_TM4C123GH6PM --diag_warning=225 --diag_wrap=off --display_error_number --abi=eabi -z -m"helloworld.map" --stack_size=2048 --heap_size=1024 -i"C:/ti/ccsv6/tools/compiler/ti-cgt-arm_15.12.1.LTS/lib" -i"C:/ti/ccsv6/tools/compiler/ti-cgt-arm_15.12.1.LTS/include" --reread_libs --warn_sections --diag_wrap=off --display_error_number --xml_link_info="helloworld_linkInfo.xml" --rom_model -o "helloworld.out" "./helloworld.obj" "./lcd.obj" "./timer.obj" "./tm4c123gh6pm_startup_ccs.obj" "../tm4c123gh6pm.cmd"  -llibc.a -l"C:/ti/TivaWare_C_Series-2.1.2.111/driverlib/ccs/Debug/driverlib.lib" 
<Linking>
'Finished building target: helloworld.out'
' '

**** Build Finished ****

**** Build of configuration Debug for project helloworld ****

"C:\\ti\\ccsv6\\utils\\bin\\gmake" -k all 
'Building file: ../helloworld.c'
'Invoking: ARM Compiler'
"C:/ti/ccsv6/tools/compiler/ti-cgt-arm_15.12.1.LTS/bin/armcl" -mv7M4 --code_state=16 --float_support=FPv4SPD16 -me --include_path="C:/ti/ccsv6/tools/compiler/ti-cgt-arm_15.12.1.LTS/include" --include_path="C:/ti/TivaWare_C_Series-2.1.2.111" -g --gcc --define=ccs="ccs" --define=PART_TM4C123GH6PM --diag_warning=225 --diag_wrap=off --display_error_number --abi=eabi --preproc_with_compile --preproc_dependency="helloworld.d"  "../helloworld.c"
"../helloworld.c", line 2: warning #14-D: extra text after expected end of preprocessing directive
"../helloworld.c", line 3: warning #14-D: extra text after expected end of preprocessing directive
"../helloworld.c", line 14: warning #179-D: variable "i" was declared but never referenced
"../helloworld.c", line 15: warning #179-D: variable "millis" was declared but never referenced
'Finished building: ../helloworld.c'
' '
'Building target: helloworld.out'
'Invoking: ARM Linker'
"C:/ti/ccsv6/tools/compiler/ti-cgt-arm_15.12.1.LTS/bin/armcl" -mv7M4 --code_state=16 --float_support=FPv4SPD16 -me -g --gcc --define=ccs="ccs" --define=PART_TM4C123GH6PM --diag_warning=225 --diag_wrap=off --display_error_number --abi=eabi -z -m"helloworld.map" --stack_size=2048 --heap_size=1024 -i"C:/ti/ccsv6/tools/compiler/ti-cgt-arm_15.12.1.LTS/lib" -i"C:/ti/ccsv6/tools/compiler/ti-cgt-arm_15.12.1.LTS/include" --reread_libs --warn_sections --diag_wrap=off --display_error_number --xml_link_info="helloworld_linkInfo.xml" --rom_model -o "helloworld.out" "./helloworld.obj" "./lcd.obj" "./timer.obj" "./tm4c123gh6pm_startup_ccs.obj" "../tm4c123gh6pm.cmd"  -llibc.a -l"C:/ti/TivaWare_C_Series-2.1.2.111/driverlib/ccs/Debug/driverlib.lib" 
<Linking>
'Finished building target: helloworld.out'
' '

**** Build Finished ****

**** Build of configuration Debug for project helloworld ****

"C:\\ti\\ccsv6\\utils\\bin\\gmake" -k all 
'Building file: ../helloworld.c'
'Invoking: ARM Compiler'
"C:/ti/ccsv6/tools/compiler/ti-cgt-arm_15.12.1.LTS/bin/armcl" -mv7M4 --code_state=16 --float_support=FPv4SPD16 -me --include_path="C:/ti/ccsv6/tools/compiler/ti-cgt-arm_15.12.1.LTS/include" --include_path="C:/ti/TivaWare_C_Series-2.1.2.111" -g --gcc --define=ccs="ccs" --define=PART_TM4C123GH6PM --diag_warning=225 --diag_wrap=off --display_error_number --abi=eabi --preproc_with_compile --preproc_dependency="helloworld.d"  "../helloworld.c"

>> Compilation failure
subdir_rules.mk:7: recipe for target 'helloworld.obj' failed
"../helloworld.c", line 2: warning #14-D: extra text after expected end of preprocessing directive
"../helloworld.c", line 3: warning #14-D: extra text after expected end of preprocessing directive
"../helloworld.c", line 22: error #138: expression must be a modifiable lvalue
"../helloworld.c", line 14: warning #179-D: variable "i" was declared but never referenced
"../helloworld.c", line 15: warning #179-D: variable "millis" was declared but never referenced
"../helloworld.c", line 19: warning #179-D: variable "k" was declared but never referenced
1 error detected in the compilation of "../helloworld.c".
gmake: *** [helloworld.obj] Error 1
gmake: Target 'all' not remade because of errors.

**** Build Finished ****

**** Build of configuration Debug for project helloworld ****

"C:\\ti\\ccsv6\\utils\\bin\\gmake" -k all 
'Building file: ../helloworld.c'
'Invoking: ARM Compiler'
"C:/ti/ccsv6/tools/compiler/ti-cgt-arm_15.12.1.LTS/bin/armcl" -mv7M4 --code_state=16 --float_support=FPv4SPD16 -me --include_path="C:/ti/ccsv6/tools/compiler/ti-cgt-arm_15.12.1.LTS/include" --include_path="C:/ti/TivaWare_C_Series-2.1.2.111" -g --gcc --define=ccs="ccs" --define=PART_TM4C123GH6PM --diag_warning=225 --diag_wrap=off --display_error_number --abi=eabi --preproc_with_compile --preproc_dependency="helloworld.d"  "../helloworld.c"
"../helloworld.c", line 2: warning #14-D: extra text after expected end of preprocessing directive
"../helloworld.c", line 3: warning #14-D: extra text after expected end of preprocessing directive
"../helloworld.c", line 14: warning #179-D: variable "i" was declared but never referenced
"../helloworld.c", line 15: warning #179-D: variable "millis" was declared but never referenced
"../helloworld.c", line 19: warning #179-D: variable "k" was declared but never referenced
'Finished building: ../helloworld.c'
' '
'Building target: helloworld.out'
'Invoking: ARM Linker'
"C:/ti/ccsv6/tools/compiler/ti-cgt-arm_15.12.1.LTS/bin/armcl" -mv7M4 --code_state=16 --float_support=FPv4SPD16 -me -g --gcc --define=ccs="ccs" --define=PART_TM4C123GH6PM --diag_warning=225 --diag_wrap=off --display_error_number --abi=eabi -z -m"helloworld.map" --stack_size=2048 --heap_size=1024 -i"C:/ti/ccsv6/tools/compiler/ti-cgt-arm_15.12.1.LTS/lib" -i"C:/ti/ccsv6/tools/compiler/ti-cgt-arm_15.12.1.LTS/include" --reread_libs --warn_sections --diag_wrap=off --display_error_number --xml_link_info="helloworld_linkInfo.xml" --rom_model -o "helloworld.out" "./helloworld.obj" "./lcd.obj" "./timer.obj" "./tm4c123gh6pm_startup_ccs.obj" "../tm4c123gh6pm.cmd"  -llibc.a -l"C:/ti/TivaWare_C_Series-2.1.2.111/driverlib/ccs/Debug/driverlib.lib" 
<Linking>
'Finished building target: helloworld.out'
' '

**** Build Finished ****

**** Build of configuration Debug for project helloworld ****

"C:\\ti\\ccsv6\\utils\\bin\\gmake" -k all 
'Building file: ../helloworld.c'
'Invoking: ARM Compiler'
"C:/ti/ccsv6/tools/compiler/ti-cgt-arm_15.12.1.LTS/bin/armcl" -mv7M4 --code_state=16 --float_support=FPv4SPD16 -me --include_path="C:/ti/ccsv6/tools/compiler/ti-cgt-arm_15.12.1.LTS/include" --include_path="C:/ti/TivaWare_C_Series-2.1.2.111" -g --gcc --define=ccs="ccs" --define=PART_TM4C123GH6PM --diag_warning=225 --diag_wrap=off --display_error_number --abi=eabi --preproc_with_compile --preproc_dependency="helloworld.d"  "../helloworld.c"
"../helloworld.c", line 2: warning #14-D: extra text after expected end of preprocessing directive
"../helloworld.c", line 3: warning #14-D: extra text after expected end of preprocessing directive
"../helloworld.c", line 14: warning #179-D: variable "i" was declared but never referenced
"../helloworld.c", line 15: warning #179-D: variable "millis" was declared but never referenced
"../helloworld.c", line 19: warning #179-D: variable "k" was declared but never referenced
'Finished building: ../helloworld.c'
' '
'Building target: helloworld.out'
'Invoking: ARM Linker'
"C:/ti/ccsv6/tools/compiler/ti-cgt-arm_15.12.1.LTS/bin/armcl" -mv7M4 --code_state=16 --float_support=FPv4SPD16 -me -g --gcc --define=ccs="ccs" --define=PART_TM4C123GH6PM --diag_warning=225 --diag_wrap=off --display_error_number --abi=eabi -z -m"helloworld.map" --stack_size=2048 --heap_size=1024 -i"C:/ti/ccsv6/tools/compiler/ti-cgt-arm_15.12.1.LTS/lib" -i"C:/ti/ccsv6/tools/compiler/ti-cgt-arm_15.12.1.LTS/include" --reread_libs --warn_sections --diag_wrap=off --display_error_number --xml_link_info="helloworld_linkInfo.xml" --rom_model -o "helloworld.out" "./helloworld.obj" "./lcd.obj" "./timer.obj" "./tm4c123gh6pm_startup_ccs.obj" "../tm4c123gh6pm.cmd"  -llibc.a -l"C:/ti/TivaWare_C_Series-2.1.2.111/driverlib/ccs/Debug/driverlib.lib" 
<Linking>
'Finished building target: helloworld.out'
' '

**** Build Finished ****

**** Build of configuration Debug for project helloworld ****

"C:\\ti\\ccsv6\\utils\\bin\\gmake" -k all 
'Building file: ../helloworld.c'
'Invoking: ARM Compiler'
"C:/ti/ccsv6/tools/compiler/ti-cgt-arm_15.12.1.LTS/bin/armcl" -mv7M4 --code_state=16 --float_support=FPv4SPD16 -me --include_path="C:/ti/ccsv6/tools/compiler/ti-cgt-arm_15.12.1.LTS/include" --include_path="C:/ti/TivaWare_C_Series-2.1.2.111" -g --gcc --define=ccs="ccs" --define=PART_TM4C123GH6PM --diag_warning=225 --diag_wrap=off --display_error_number --abi=eabi --preproc_with_compile --preproc_dependency="helloworld.d"  "../helloworld.c"
"../helloworld.c", line 2: warning #14-D: extra text after expected end of preprocessing directive
"../helloworld.c", line 3: warning #14-D: extra text after expected end of preprocessing directive
"../helloworld.c", line 14: warning #179-D: variable "i" was declared but never referenced
"../helloworld.c", line 15: warning #179-D: variable "millis" was declared but never referenced
"../helloworld.c", line 19: warning #179-D: variable "k" was declared but never referenced
'Finished building: ../helloworld.c'
' '
'Building target: helloworld.out'
'Invoking: ARM Linker'
"C:/ti/ccsv6/tools/compiler/ti-cgt-arm_15.12.1.LTS/bin/armcl" -mv7M4 --code_state=16 --float_support=FPv4SPD16 -me -g --gcc --define=ccs="ccs" --define=PART_TM4C123GH6PM --diag_warning=225 --diag_wrap=off --display_error_number --abi=eabi -z -m"helloworld.map" --stack_size=2048 --heap_size=1024 -i"C:/ti/ccsv6/tools/compiler/ti-cgt-arm_15.12.1.LTS/lib" -i"C:/ti/ccsv6/tools/compiler/ti-cgt-arm_15.12.1.LTS/include" --reread_libs --warn_sections --diag_wrap=off --display_error_number --xml_link_info="helloworld_linkInfo.xml" --rom_model -o "helloworld.out" "./helloworld.obj" "./lcd.obj" "./timer.obj" "./tm4c123gh6pm_startup_ccs.obj" "../tm4c123gh6pm.cmd"  -llibc.a -l"C:/ti/TivaWare_C_Series-2.1.2.111/driverlib/ccs/Debug/driverlib.lib" 
<Linking>
'Finished building target: helloworld.out'
' '

**** Build Finished ****

**** Build of configuration Debug for project helloworld ****

"C:\\ti\\ccsv6\\utils\\bin\\gmake" -k all 
'Building file: ../helloworld.c'
'Invoking: ARM Compiler'
"C:/ti/ccsv6/tools/compiler/ti-cgt-arm_15.12.1.LTS/bin/armcl" -mv7M4 --code_state=16 --float_support=FPv4SPD16 -me --include_path="C:/ti/ccsv6/tools/compiler/ti-cgt-arm_15.12.1.LTS/include" --include_path="C:/ti/TivaWare_C_Series-2.1.2.111" -g --gcc --define=ccs="ccs" --define=PART_TM4C123GH6PM --diag_warning=225 --diag_wrap=off --display_error_number --abi=eabi --preproc_with_compile --preproc_dependency="helloworld.d"  "../helloworld.c"
"../helloworld.c", line 2: warning #14-D: extra text after expected end of preprocessing directive
"../helloworld.c", line 3: warning #14-D: extra text after expected end of preprocessing directive
"../helloworld.c", line 15: warning #179-D: variable "millis" was declared but never referenced
"../helloworld.c", line 19: warning #179-D: variable "k" was declared but never referenced
'Finished building: ../helloworld.c'
' '
'Building target: helloworld.out'
'Invoking: ARM Linker'
"C:/ti/ccsv6/tools/compiler/ti-cgt-arm_15.12.1.LTS/bin/armcl" -mv7M4 --code_state=16 --float_support=FPv4SPD16 -me -g --gcc --define=ccs="ccs" --define=PART_TM4C123GH6PM --diag_warning=225 --diag_wrap=off --display_error_number --abi=eabi -z -m"helloworld.map" --stack_size=2048 --heap_size=1024 -i"C:/ti/ccsv6/tools/compiler/ti-cgt-arm_15.12.1.LTS/lib" -i"C:/ti/ccsv6/tools/compiler/ti-cgt-arm_15.12.1.LTS/include" --reread_libs --warn_sections --diag_wrap=off --display_error_number --xml_link_info="helloworld_linkInfo.xml" --rom_model -o "helloworld.out" "./helloworld.obj" "./lcd.obj" "./timer.obj" "./tm4c123gh6pm_startup_ccs.obj" "../tm4c123gh6pm.cmd"  -llibc.a -l"C:/ti/TivaWare_C_Series-2.1.2.111/driverlib/ccs/Debug/driverlib.lib" 
<Linking>
'Finished building target: helloworld.out'
' '

**** Build Finished ****

**** Build of configuration Debug for project helloworld ****

"C:\\ti\\ccsv6\\utils\\bin\\gmake" -k all 
gmake: Nothing to be done for 'all'.

**** Build Finished ****

**** Build of configuration Debug for project helloworld ****

"C:\\ti\\ccsv6\\utils\\bin\\gmake" -k all 
'Building file: ../helloworld.c'
'Invoking: ARM Compiler'
"C:/ti/ccsv6/tools/compiler/ti-cgt-arm_15.12.1.LTS/bin/armcl" -mv7M4 --code_state=16 --float_support=FPv4SPD16 -me --include_path="C:/ti/ccsv6/tools/compiler/ti-cgt-arm_15.12.1.LTS/include" --include_path="C:/ti/TivaWare_C_Series-2.1.2.111" -g --gcc --define=ccs="ccs" --define=PART_TM4C123GH6PM --diag_warning=225 --diag_wrap=off --display_error_number --abi=eabi --preproc_with_compile --preproc_dependency="helloworld.d"  "../helloworld.c"
"../helloworld.c", line 2: warning #14-D: extra text after expected end of preprocessing directive
"../helloworld.c", line 3: warning #14-D: extra text after expected end of preprocessing directive
"../helloworld.c", line 15: warning #179-D: variable "millis" was declared but never referenced
'Finished building: ../helloworld.c'
' '
'Building target: helloworld.out'
'Invoking: ARM Linker'
"C:/ti/ccsv6/tools/compiler/ti-cgt-arm_15.12.1.LTS/bin/armcl" -mv7M4 --code_state=16 --float_support=FPv4SPD16 -me -g --gcc --define=ccs="ccs" --define=PART_TM4C123GH6PM --diag_warning=225 --diag_wrap=off --display_error_number --abi=eabi -z -m"helloworld.map" --stack_size=2048 --heap_size=1024 -i"C:/ti/ccsv6/tools/compiler/ti-cgt-arm_15.12.1.LTS/lib" -i"C:/ti/ccsv6/tools/compiler/ti-cgt-arm_15.12.1.LTS/include" --reread_libs --warn_sections --diag_wrap=off --display_error_number --xml_link_info="helloworld_linkInfo.xml" --rom_model -o "helloworld.out" "./helloworld.obj" "./lcd.obj" "./timer.obj" "./tm4c123gh6pm_startup_ccs.obj" "../tm4c123gh6pm.cmd"  -llibc.a -l"C:/ti/TivaWare_C_Series-2.1.2.111/driverlib/ccs/Debug/driverlib.lib" 
<Linking>
'Finished building target: helloworld.out'
' '

**** Build Finished ****

**** Build of configuration Debug for project helloworld ****

"C:\\ti\\ccsv6\\utils\\bin\\gmake" -k all 
'Building file: ../helloworld.c'
'Invoking: ARM Compiler'
"C:/ti/ccsv6/tools/compiler/ti-cgt-arm_15.12.1.LTS/bin/armcl" -mv7M4 --code_state=16 --float_support=FPv4SPD16 -me --include_path="C:/ti/ccsv6/tools/compiler/ti-cgt-arm_15.12.1.LTS/include" --include_path="C:/ti/TivaWare_C_Series-2.1.2.111" -g --gcc --define=ccs="ccs" --define=PART_TM4C123GH6PM --diag_warning=225 --diag_wrap=off --display_error_number --abi=eabi --preproc_with_compile --preproc_dependency="helloworld.d"  "../helloworld.c"
"../helloworld.c", line 2: warning #14-D: extra text after expected end of preprocessing directive
"../helloworld.c", line 3: warning #14-D: extra text after expected end of preprocessing directive
"../helloworld.c", line 15: warning #179-D: variable "millis" was declared but never referenced
'Finished building: ../helloworld.c'
' '
'Building target: helloworld.out'
'Invoking: ARM Linker'
"C:/ti/ccsv6/tools/compiler/ti-cgt-arm_15.12.1.LTS/bin/armcl" -mv7M4 --code_state=16 --float_support=FPv4SPD16 -me -g --gcc --define=ccs="ccs" --define=PART_TM4C123GH6PM --diag_warning=225 --diag_wrap=off --display_error_number --abi=eabi -z -m"helloworld.map" --stack_size=2048 --heap_size=1024 -i"C:/ti/ccsv6/tools/compiler/ti-cgt-arm_15.12.1.LTS/lib" -i"C:/ti/ccsv6/tools/compiler/ti-cgt-arm_15.12.1.LTS/include" --reread_libs --warn_sections --diag_wrap=off --display_error_number --xml_link_info="helloworld_linkInfo.xml" --rom_model -o "helloworld.out" "./helloworld.obj" "./lcd.obj" "./timer.obj" "./tm4c123gh6pm_startup_ccs.obj" "../tm4c123gh6pm.cmd"  -llibc.a -l"C:/ti/TivaWare_C_Series-2.1.2.111/driverlib/ccs/Debug/driverlib.lib" 
<Linking>
'Finished building target: helloworld.out'
' '

**** Build Finished ****

**** Build of configuration Debug for project helloworld ****

"C:\\ti\\ccsv6\\utils\\bin\\gmake" -k all 
'Building file: ../helloworld.c'
'Invoking: ARM Compiler'
"C:/ti/ccsv6/tools/compiler/ti-cgt-arm_15.12.1.LTS/bin/armcl" -mv7M4 --code_state=16 --float_support=FPv4SPD16 -me --include_path="C:/ti/ccsv6/tools/compiler/ti-cgt-arm_15.12.1.LTS/include" --include_path="C:/ti/TivaWare_C_Series-2.1.2.111" -g --gcc --define=ccs="ccs" --define=PART_TM4C123GH6PM --diag_warning=225 --diag_wrap=off --display_error_number --abi=eabi --preproc_with_compile --preproc_dependency="helloworld.d"  "../helloworld.c"
"../helloworld.c", line 2: warning #14-D: extra text after expected end of preprocessing directive
"../helloworld.c", line 3: warning #14-D: extra text after expected end of preprocessing directive
'Finished building: ../helloworld.c'
' '
'Building target: helloworld.out'
'Invoking: ARM Linker'
"C:/ti/ccsv6/tools/compiler/ti-cgt-arm_15.12.1.LTS/bin/armcl" -mv7M4 --code_state=16 --float_support=FPv4SPD16 -me -g --gcc --define=ccs="ccs" --define=PART_TM4C123GH6PM --diag_warning=225 --diag_wrap=off --display_error_number --abi=eabi -z -m"helloworld.map" --stack_size=2048 --heap_size=1024 -i"C:/ti/ccsv6/tools/compiler/ti-cgt-arm_15.12.1.LTS/lib" -i"C:/ti/ccsv6/tools/compiler/ti-cgt-arm_15.12.1.LTS/include" --reread_libs --warn_sections --diag_wrap=off --display_error_number --xml_link_info="helloworld_linkInfo.xml" --rom_model -o "helloworld.out" "./helloworld.obj" "./lcd.obj" "./timer.obj" "./tm4c123gh6pm_startup_ccs.obj" "../tm4c123gh6pm.cmd"  -llibc.a -l"C:/ti/TivaWare_C_Series-2.1.2.111/driverlib/ccs/Debug/driverlib.lib" 
<Linking>
'Finished building target: helloworld.out'
' '

**** Build Finished ****

**** Build of configuration Debug for project helloworld ****

"C:\\ti\\ccsv6\\utils\\bin\\gmake" -k all 
'Building file: ../helloworld.c'
'Invoking: ARM Compiler'
"C:/ti/ccsv6/tools/compiler/ti-cgt-arm_15.12.1.LTS/bin/armcl" -mv7M4 --code_state=16 --float_support=FPv4SPD16 -me --include_path="C:/ti/ccsv6/tools/compiler/ti-cgt-arm_15.12.1.LTS/include" --include_path="C:/ti/TivaWare_C_Series-2.1.2.111" -g --gcc --define=ccs="ccs" --define=PART_TM4C123GH6PM --diag_warning=225 --diag_wrap=off --display_error_number --abi=eabi --preproc_with_compile --preproc_dependency="helloworld.d"  "../helloworld.c"
"../helloworld.c", line 2: warning #14-D: extra text after expected end of preprocessing directive
"../helloworld.c", line 3: warning #14-D: extra text after expected end of preprocessing directive
'Finished building: ../helloworld.c'
' '
'Building target: helloworld.out'
'Invoking: ARM Linker'
"C:/ti/ccsv6/tools/compiler/ti-cgt-arm_15.12.1.LTS/bin/armcl" -mv7M4 --code_state=16 --float_support=FPv4SPD16 -me -g --gcc --define=ccs="ccs" --define=PART_TM4C123GH6PM --diag_warning=225 --diag_wrap=off --display_error_number --abi=eabi -z -m"helloworld.map" --stack_size=2048 --heap_size=1024 -i"C:/ti/ccsv6/tools/compiler/ti-cgt-arm_15.12.1.LTS/lib" -i"C:/ti/ccsv6/tools/compiler/ti-cgt-arm_15.12.1.LTS/include" --reread_libs --warn_sections --diag_wrap=off --display_error_number --xml_link_info="helloworld_linkInfo.xml" --rom_model -o "helloworld.out" "./helloworld.obj" "./lcd.obj" "./timer.obj" "./tm4c123gh6pm_startup_ccs.obj" "../tm4c123gh6pm.cmd"  -llibc.a -l"C:/ti/TivaWare_C_Series-2.1.2.111/driverlib/ccs/Debug/driverlib.lib" 
<Linking>
'Finished building target: helloworld.out'
' '

**** Build Finished ****

**** Build of configuration Debug for project helloworld ****

"C:\\ti\\ccsv6\\utils\\bin\\gmake" -k all 
gmake: Nothing to be done for 'all'.

**** Build Finished ****

**** Build of configuration Debug for project helloworld ****

"C:\\ti\\ccsv6\\utils\\bin\\gmake" -k all 
'Building file: ../helloworld.c'
'Invoking: ARM Compiler'
"C:/ti/ccsv6/tools/compiler/ti-cgt-arm_15.12.1.LTS/bin/armcl" -mv7M4 --code_state=16 --float_support=FPv4SPD16 -me --include_path="C:/ti/ccsv6/tools/compiler/ti-cgt-arm_15.12.1.LTS/include" --include_path="C:/ti/TivaWare_C_Series-2.1.2.111" -g --gcc --define=ccs="ccs" --define=PART_TM4C123GH6PM --diag_warning=225 --diag_wrap=off --display_error_number --abi=eabi --preproc_with_compile --preproc_dependency="helloworld.d"  "../helloworld.c"
"../helloworld.c", line 2: warning #14-D: extra text after expected end of preprocessing directive
"../helloworld.c", line 3: warning #14-D: extra text after expected end of preprocessing directive
"../helloworld.c", line 47: warning #112-D: statement is unreachable
'Finished building: ../helloworld.c'
' '
'Building target: helloworld.out'
'Invoking: ARM Linker'
"C:/ti/ccsv6/tools/compiler/ti-cgt-arm_15.12.1.LTS/bin/armcl" -mv7M4 --code_state=16 --float_support=FPv4SPD16 -me -g --gcc --define=ccs="ccs" --define=PART_TM4C123GH6PM --diag_warning=225 --diag_wrap=off --display_error_number --abi=eabi -z -m"helloworld.map" --stack_size=2048 --heap_size=1024 -i"C:/ti/ccsv6/tools/compiler/ti-cgt-arm_15.12.1.LTS/lib" -i"C:/ti/ccsv6/tools/compiler/ti-cgt-arm_15.12.1.LTS/include" --reread_libs --warn_sections --diag_wrap=off --display_error_number --xml_link_info="helloworld_linkInfo.xml" --rom_model -o "helloworld.out" "./helloworld.obj" "./lcd.obj" "./timer.obj" "./tm4c123gh6pm_startup_ccs.obj" "../tm4c123gh6pm.cmd"  -llibc.a -l"C:/ti/TivaWare_C_Series-2.1.2.111/driverlib/ccs/Debug/driverlib.lib" 
<Linking>
'Finished building target: helloworld.out'
' '

**** Build Finished ****
