
**** Build of configuration Debug for project Lab8 ****

"C:\\ti\\ccsv6\\utils\\bin\\gmake" -k all 
'Building file: ../main.c'
'Invoking: ARM Compiler'
"C:/ti/ccsv6/tools/compiler/ti-cgt-arm_15.12.1.LTS/bin/armcl" -mv7M4 --code_state=16 --float_support=FPv4SPD16 -me --include_path="C:/ti/ccsv6/tools/compiler/ti-cgt-arm_15.12.1.LTS/include" --include_path="C:/ti/TivaWare_C_Series-2.1.2.111" -g --gcc --define=ccs="ccs" --define=PART_TM4C123GH6PM --diag_wrap=off --diag_warning=225 --display_error_number --abi=eabi --preproc_with_compile --preproc_dependency="main.d"  "../main.c"
"../main.c", line 66: warning #69-D: integer conversion resulted in a change of sign
"../main.c", line 77: warning #69-D: integer conversion resulted in a change of sign
"../main.c", line 88: warning #69-D: integer conversion resulted in a change of sign
"../main.c", line 95: warning #69-D: integer conversion resulted in a change of sign
"../main.c", line 98: warning #69-D: integer conversion resulted in a change of sign
"../main.c", line 127: warning #112-D: statement is unreachable
'Finished building: ../main.c'
' '
'Building target: Lab8.out'
'Invoking: ARM Linker'
"C:/ti/ccsv6/tools/compiler/ti-cgt-arm_15.12.1.LTS/bin/armcl" -mv7M4 --code_state=16 --float_support=FPv4SPD16 -me -g --gcc --define=ccs="ccs" --define=PART_TM4C123GH6PM --diag_wrap=off --diag_warning=225 --display_error_number --abi=eabi -z -m"Lab8.map" --stack_size=2048 --heap_size=1024 -i"C:/ti/ccsv6/tools/compiler/ti-cgt-arm_15.12.1.LTS/lib" -i"C:/ti/ccsv6/tools/compiler/ti-cgt-arm_15.12.1.LTS/include" --reread_libs --display_error_number --warn_sections --diag_wrap=off --xml_link_info="Lab8_linkInfo.xml" --rom_model -o "Lab8.out" "./button.obj" "./lcd.obj" "./main.obj" "./timer.obj" "./tm4c123gh6pm_startup_ccs.obj" "../tm4c123gh6pm.cmd"  -llibc.a -l"C:/ti/TivaWare_C_Series-2.1.2.111/driverlib/ccs/Debug/driverlib.lib" 
<Linking>
'Finished building target: Lab8.out'
' '

**** Build Finished ****
